adobe-flash-properties-gtk
adobe-flashplugin
apache2
apache2-bin
apache2-data
apache2-utils
apport
apport-gtk
apt
apt-utils
aptdaemon
aptdaemon-data
base-files
bash
bind9-host
bsdutils
bzip2
chromium-browser
chromium-browser-l10n
chromium-codecs-ffmpeg-extra
cmake
cmake-data
cups-ppdc
curl
dmsetup
dnsutils
dpkg
dpkg-dev
e2fslibs
e2fsprogs
e2fsprogs-l10n
evince
evince-common
fdisk
file-roller
firefox
firefox-locale-en
firefox-locale-ja
fonts-noto-cjk
fonts-noto-cjk-extra
fonts-opensymbol
friendly-recovery
ghostscript
ghostscript-x
gir1.2-gnomedesktop-3.0
gir1.2-gst-plugins-base-1.0
gir1.2-gstreamer-1.0
gir1.2-ibus-1.0
gir1.2-javascriptcoregtk-4.0
gir1.2-snapd-1
gir1.2-soup-2.4
gir1.2-webkit2-4.0
gnome-control-center-data
gnome-control-center-faces
gnome-desktop3-data
gnome-initial-setup
gnome-settings-daemon
gnome-settings-daemon-schemas
gnome-software
gnome-software-common
gnome-software-plugin-snap
grep
gstreamer1.0-alsa
gstreamer1.0-gl
gstreamer1.0-gtk3
gstreamer1.0-libav
gstreamer1.0-plugins-bad
gstreamer1.0-plugins-base
gstreamer1.0-plugins-base:i386
gstreamer1.0-plugins-base-apps
gstreamer1.0-plugins-good
gstreamer1.0-plugins-ugly
gstreamer1.0-pulseaudio
gstreamer1.0-tools
gstreamer1.0-vaapi
gstreamer1.0-x
gtk-update-icon-cache
gvfs
gvfs-backends
gvfs-bin
gvfs-common
gvfs-daemons
gvfs-fuse
gvfs-libs
ibus
ibus-gtk
ibus-gtk3
imagemagick
imagemagick-6-common
imagemagick-6.q16
imagemagick-common
intel-microcode
iputils-arping
iputils-ping
iputils-tracepath
kactivitymanagerd
kde-cli-tools
kde-cli-tools-data
kde-style-breeze
kde-style-breeze-qt4
kdelibs-bin
kdelibs5-data
kdelibs5-plugins
kdoctools
language-pack-en
language-pack-gnome-en
language-pack-gnome-ja
language-pack-ja
language-selector-common
language-selector-gnome
libapache2-mod-php7.2
libapt-inst2.0
libapt-pkg5.0
libarchive13
libbind9-160
libblkid1
libblkid1:i386
libbz2-1.0
libbz2-1.0:i386
libcephfs2
libcom-err2
libcom-err2:i386
libcomerr2
libcomerr2:i386
libcurl3-gnutls
libcurl4
libdevmapper1.02.1
libdns-export1100
libdns1100
libdpkg-perl
libdrm-amdgpu1
libdrm-amdgpu1:i386
libdrm-common
libdrm-dev
libdrm-intel1
libdrm-intel1:i386
libdrm-nouveau2
libdrm-nouveau2:i386
libdrm-radeon1
libdrm-radeon1:i386
libdrm2
libdrm2:i386
libebml4v5
libegl-mesa0
libegl1-mesa
libegl1-mesa-dev
libevdocument3-4
libevview3-3
libexiv2-14
libexpat1
libexpat1:i386
libexpat1-dev
libext2fs2
libfdisk1
libgbm1
libgif7
libgl1-mesa-dev
libgl1-mesa-dri
libgl1-mesa-dri:i386
libgl1-mesa-glx
libgl1-mesa-glx:i386
libglapi-mesa
libglapi-mesa:i386
libgles2-mesa
libgles2-mesa-dev
libglib2.0-0
libglib2.0-0:i386
libglib2.0-bin
libglib2.0-data
libglib2.0-dev
libglib2.0-dev-bin
libglib2.0-doc
libglx-mesa0
libglx-mesa0:i386
libgnome-desktop-3-17
libgs9
libgs9-common
libgstreamer-gl1.0-0
libgstreamer-plugins-bad1.0-0
libgstreamer-plugins-base1.0-0
libgstreamer-plugins-base1.0-0:i386
libgstreamer-plugins-good1.0-0
libgstreamer1.0-0
libgstreamer1.0-0:i386
libgtk-3-bin
libibus-1.0-5
libimage-magick-perl
libimage-magick-q16-perl
libinput-bin
libinput10
libirs160
libisc-export169
libisc169
libisccc160
libisccfg160
libjavascriptcoregtk-4.0-18
libjavascriptcoregtk-4.0-dev
libkcmutils4
libkde3support4
libkdeclarative5
libkdecore5
libkdesu5
libkdeui5
libkdewebkit5
libkdnssd4
libkemoticons4
libkf5config-bin
libkf5config-data
libkf5configcore5
libkf5configgui5
libkfile4
libkhtml5
libkio5
libkjsapi4
libkjsembed4
libkmediaplayer4
libknewstuff3-4
libknotifyconfig4
libkntlm4
libkparts4
libkpty4
libkrosscore4
libktexteditor4
libldap-2.4-2
libldap-2.4-2:i386
libldap-common
liblwres160
libmagick++-6.q16-7
libmagickcore-6.q16-3
libmagickcore-6.q16-3-extra
libmagickwand-6.q16-3
libmount1
libmount1:i386
libmspack0
libmysofa0
libmysqlclient20
libmysqlclient20:i386
libnet-ssleay-perl
libnss-myhostname
libnss-systemd
libnss3
libopenjp2-7
libosmesa6
libosmesa6:i386
libpam-systemd
libplasma3
libpoppler-glib8
libpoppler-qt5-1
libpoppler73
libpq5
libprocps6
libpython2.7
libpython2.7-dev
libpython2.7-minimal
libpython2.7-stdlib
libpython3.6
libpython3.6-dev
libpython3.6-minimal
libpython3.6-stdlib
libqt5concurrent5
libqt5core5a
libqt5dbus5
libqt5gui5
libqt5network5
libqt5opengl5
libqt5opengl5-dev
libqt5printsupport5
libqt5sql5
libqt5sql5-sqlite
libqt5test5
libqt5widgets5
libqt5xml5
librados2
libreoffice-common
libreoffice-help-en-gb
libreoffice-help-en-us
libreoffice-help-ja
libreoffice-java-common
libreoffice-l10n-en-gb
libreoffice-l10n-en-za
libreoffice-l10n-ja
libreoffice-librelogo
libreoffice-nlpsolver
libreoffice-pdfimport
libreoffice-report-builder
libreoffice-script-provider-bsh
libreoffice-script-provider-js
libreoffice-script-provider-python
libreoffice-style-breeze
libreoffice-style-elementary
libreoffice-style-galaxy
libreoffice-style-tango
libreoffice-wiki-publisher
libruby2.5
libsane-common
libsane1
libsane1:i386
libsdl2-2.0-0
libsmartcols1
libsnapd-glib1
libsnmp-base
libsnmp30
libsolid4
libsoup-gnome2.4-1
libsoup2.4-1
libsoup2.4-dev
libsqlite3-0
libsqlite3-0:i386
libss2
libssl1.1
libssl1.1:i386
libsysmetrics1
libsystemd0
libsystemd0:i386
libthreadweaver4
libtomcat8-java
libudev1
libudev1:i386
libuuid1
libuuid1:i386
libvlc-bin
libvlc5
libvlccore9
libwavpack1
libwayland-egl1-mesa
libwebkit2gtk-4.0-37
libwebkit2gtk-4.0-37-gtk2
libwebkit2gtk-4.0-dev
libxatracker2
libzmq5
libzstd1
linux-firmware
linux-headers-generic
linux-libc-dev
mariadb-client
mariadb-client-10.1
mariadb-client-core-10.1
mariadb-common
mariadb-server
mariadb-server-10.1
mariadb-server-core-10.1
mesa-common-dev
mesa-va-drivers
mesa-vdpau-drivers
mount
openjdk-11-jdk
openjdk-11-jdk-headless
openjdk-11-jre
openjdk-11-jre-headless
openssl
patch
php7.2
php7.2-bz2
php7.2-cli
php7.2-common
php7.2-curl
php7.2-gd
php7.2-intl
php7.2-json
php7.2-mbstring
php7.2-mysql
php7.2-opcache
php7.2-readline
php7.2-xml
php7.2-zip
policykit-desktop-privileges
poppler-utils
procps
python-aptdaemon
python-aptdaemon.gtk3widgets
python2.7
python2.7-dev
python2.7-minimal
python3-apport
python3-aptdaemon
python3-aptdaemon.gtk3widgets
python3-distupgrade
python3-problem-report
python3-software-properties
python3.6
python3.6-minimal
qt5-default
qt5-gtk-platformtheme
qt5-qmake
qt5-qmake-bin
qtbase5-dev
qtbase5-dev-tools
qtbase5-doc
rfkill
ruby2.5
sane-utils
snapd
software-properties-common
software-properties-gtk
systemd
systemd-sysv
thermald
thunderbird
thunderbird-gnome-support
thunderbird-locale-en
thunderbird-locale-en-gb
thunderbird-locale-en-us
thunderbird-locale-ja
tmux
tzdata
ubuntu-minimal
ubuntu-release-upgrader-core
ubuntu-release-upgrader-gtk
ubuntu-report
ubuntu-software
ubuntu-standard
udev
uno-libs3
ure
usb-creator-common
usb-creator-gtk
util-linux
uuid-runtime
vlc
vlc-bin
vlc-data
vlc-l10n
vlc-plugin-base
vlc-plugin-notify
vlc-plugin-qt
vlc-plugin-samba
vlc-plugin-skins2
vlc-plugin-video-output
vlc-plugin-video-splitter
vlc-plugin-visualization
wpasupplicant
xkb-data
xserver-common
xserver-xephyr
xserver-xorg-core
xserver-xorg-legacy
xul-ext-calendar-timezones
xul-ext-gdata-provider
xul-ext-lightning
xwayland
